# JRE version: Java(TM) SE Runtime Environment (8.0_25-b17) (build 1.8.0_25-b17)
# Java VM: Java HotSpot(TM) 64-Bit Server VM (25.25-b02 mixed mode bsd-amd64 compressed oops)
Heap:
 PSYoungGen      total 18944K, used 15834K [0x00000007aab00000, 0x00000007ac000000, 0x00000007c0000000)
  eden space 16384K, 84% used [0x00000007aab00000,0x00000007ab872b90,0x00000007abb00000)
  from space 2560K, 80% used [0x00000007abd80000,0x00000007abf84010,0x00000007ac000000)
  to   space 2560K, 0% used [0x00000007abb00000,0x00000007abb00000,0x00000007abd80000)
 ParOldGen       total 44032K, used 32K [0x0000000780000000, 0x0000000782b00000, 0x00000007aab00000)
  object space 44032K, 0% used [0x0000000780000000,0x0000000780008000,0x0000000782b00000)
 Metaspace       used 6398K, capacity 6513K, committed 6656K, reserved 1056768K
  class space    used 626K, capacity 661K, committed 768K, reserved 1048576K
GC Heap History (8 events):
Event: 7.364 GC heap before
{Heap before GC invocations=1 (full 0):
 PSYoungGen      total 18944K, used 16384K [0x00000007aab00000, 0x00000007ac000000, 0x00000007c0000000)
  eden space 16384K, 100% used [0x00000007aab00000,0x00000007abb00000,0x00000007abb00000)
  from space 2560K, 0% used [0x00000007abd80000,0x00000007abd80000,0x00000007ac000000)
  to   space 2560K, 0% used [0x00000007abb00000,0x00000007abb00000,0x00000007abd80000)
 ParOldGen       total 44032K, used 0K [0x0000000780000000, 0x0000000782b00000, 0x00000007aab00000)
  object space 44032K, 0% used [0x0000000780000000,0x0000000780000000,0x0000000782b00000)
 Metaspace       used 6167K, capacity 6257K, committed 6400K, reserved 1056768K
  class space    used 622K, capacity 661K, committed 768K, reserved 1048576K
Event: 7.369 GC heap after
Heap after GC invocations=1 (full 0):
 PSYoungGen      total 18944K, used 2054K [0x00000007aab00000, 0x00000007ac000000, 0x00000007c0000000)
  eden space 16384K, 0% used [0x00000007aab00000,0x00000007aab00000,0x00000007abb00000)
  from space 2560K, 80% used [0x00000007abb00000,0x00000007abd01aa0,0x00000007abd80000)
  to   space 2560K, 0% used [0x00000007abd80000,0x00000007abd80000,0x00000007ac000000)
 ParOldGen       total 44032K, used 8K [0x0000000780000000, 0x0000000782b00000, 0x00000007aab00000)
  object space 44032K, 0% used [0x0000000780000000,0x0000000780002000,0x0000000782b00000)
 Metaspace       used 6167K, capacity 6257K, committed 6400K, reserved 1056768K
  class space    used 622K, capacity 661K, committed 768K, reserved 1048576K
}
Event: 19.898 GC heap before
{Heap before GC invocations=2 (full 0):
 PSYoungGen      total 18944K, used 18438K [0x00000007aab00000, 0x00000007ac000000, 0x00000007c0000000)
  eden space 16384K, 100% used [0x00000007aab00000,0x00000007abb00000,0x00000007abb00000)
  from space 2560K, 80% used [0x00000007abb00000,0x00000007abd01aa0,0x00000007abd80000)
  to   space 2560K, 0% used [0x00000007abd80000,0x00000007abd80000,0x00000007ac000000)
 ParOldGen       total 44032K, used 8K [0x0000000780000000, 0x0000000782b00000, 0x00000007aab00000)
  object space 44032K, 0% used [0x0000000780000000,0x0000000780002000,0x0000000782b00000)
 Metaspace       used 6379K, capacity 6513K, committed 6656K, reserved 1056768K
  class space    used 625K, capacity 661K, committed 768K, reserved 1048576K
Event: 19.908 GC heap after
Heap after GC invocations=2 (full 0):
 PSYoungGen      total 18944K, used 1776K [0x00000007aab00000, 0x00000007ac000000, 0x00000007c0000000)
  eden space 16384K, 0% used [0x00000007aab00000,0x00000007aab00000,0x00000007abb00000)
  from space 2560K, 69% used [0x00000007abd80000,0x00000007abf3c010,0x00000007ac000000)
  to   space 2560K, 0% used [0x00000007abb00000,0x00000007abb00000,0x00000007abd80000)
 ParOldGen       total 44032K, used 16K [0x0000000780000000, 0x0000000782b00000, 0x00000007aab00000)
  object space 44032K, 0% used [0x0000000780000000,0x0000000780004000,0x0000000782b00000)
 Metaspace       used 6379K, capacity 6513K, committed 6656K, reserved 1056768K
  class space    used 625K, capacity 661K, committed 768K, reserved 1048576K
}
Event: 27.118 GC heap before
{Heap before GC invocations=3 (full 0):
 PSYoungGen      total 18944K, used 18160K [0x00000007aab00000, 0x00000007ac000000, 0x00000007c0000000)
  eden space 16384K, 100% used [0x00000007aab00000,0x00000007abb00000,0x00000007abb00000)
  from space 2560K, 69% used [0x00000007abd80000,0x00000007abf3c010,0x00000007ac000000)
  to   space 2560K, 0% used [0x00000007abb00000,0x00000007abb00000,0x00000007abd80000)
 ParOldGen       total 44032K, used 16K [0x0000000780000000, 0x0000000782b00000, 0x00000007aab00000)
  object space 44032K, 0% used [0x0000000780000000,0x0000000780004000,0x0000000782b00000)
 Metaspace       used 6390K, capacity 6513K, committed 6656K, reserved 1056768K
  class space    used 625K, capacity 661K, committed 768K, reserved 1048576K
Event: 27.122 GC heap after
Heap after GC invocations=3 (full 0):
 PSYoungGen      total 18944K, used 1904K [0x00000007aab00000, 0x00000007ac000000, 0x00000007c0000000)
  eden space 16384K, 0% used [0x00000007aab00000,0x00000007aab00000,0x00000007abb00000)
  from space 2560K, 74% used [0x00000007abb00000,0x00000007abcdc010,0x00000007abd80000)
  to   space 2560K, 0% used [0x00000007abd80000,0x00000007abd80000,0x00000007ac000000)
 ParOldGen       total 44032K, used 24K [0x0000000780000000, 0x0000000782b00000, 0x00000007aab00000)
  object space 44032K, 0% used [0x0000000780000000,0x0000000780006000,0x0000000782b00000)
 Metaspace       used 6390K, capacity 6513K, committed 6656K, reserved 1056768K
  class space    used 625K, capacity 661K, committed 768K, reserved 1048576K
}
Event: 34.701 GC heap before
{Heap before GC invocations=4 (full 0):
 PSYoungGen      total 18944K, used 18288K [0x00000007aab00000, 0x00000007ac000000, 0x00000007c0000000)
  eden space 16384K, 100% used [0x00000007aab00000,0x00000007abb00000,0x00000007abb00000)
  from space 2560K, 74% used [0x00000007abb00000,0x00000007abcdc010,0x00000007abd80000)
  to   space 2560K, 0% used [0x00000007abd80000,0x00000007abd80000,0x00000007ac000000)
 ParOldGen       total 44032K, used 24K [0x0000000780000000, 0x0000000782b00000, 0x00000007aab00000)
  object space 44032K, 0% used [0x0000000780000000,0x0000000780006000,0x0000000782b00000)
 Metaspace       used 6391K, capacity 6513K, committed 6656K, reserved 1056768K
  class space    used 625K, capacity 661K, committed 768K, reserved 1048576K
Event: 34.706 GC heap after
Heap after GC invocations=4 (full 0):
 PSYoungGen      total 18944K, used 2064K [0x00000007aab00000, 0x00000007ac000000, 0x00000007c0000000)
  eden space 16384K, 0% used [0x00000007aab00000,0x00000007aab00000,0x00000007abb00000)
  from space 2560K, 80% used [0x00000007abd80000,0x00000007abf84010,0x00000007ac000000)
  to   space 2560K, 0% used [0x00000007abb00000,0x00000007abb00000,0x00000007abd80000)
 ParOldGen       total 44032K, used 32K [0x0000000780000000, 0x0000000782b00000, 0x00000007aab00000)
  object space 44032K, 0% used [0x0000000780000000,0x0000000780008000,0x0000000782b00000)
 Metaspace       used 6391K, capacity 6513K, committed 6656K, reserved 1056768K
  class space    used 625K, capacity 661K, committed 768K, reserved 1048576K
}

