# JRE version: Java(TM) SE Runtime Environment (8.0_25-b17) (build 1.8.0_25-b17)
# Java VM: Java HotSpot(TM) 64-Bit Server VM (25.25-b02 mixed mode bsd-amd64 compressed oops)
Heap:
 PSYoungGen      total 18944K, used 3694K [0x00000007aab00000, 0x00000007ad000000, 0x00000007c0000000)
  eden space 16384K, 8% used [0x00000007aab00000,0x00000007aac4bba8,0x00000007abb00000)
  from space 2560K, 92% used [0x00000007abd80000,0x00000007abfd0020,0x00000007ac000000)
  to   space 2560K, 0% used [0x00000007abb00000,0x00000007abb00000,0x00000007abd80000)
 ParOldGen       total 44032K, used 40K [0x0000000780000000, 0x0000000782b00000, 0x00000007aab00000)
  object space 44032K, 0% used [0x0000000780000000,0x000000078000a000,0x0000000782b00000)
 Metaspace       used 6403K, capacity 6513K, committed 6656K, reserved 1056768K
  class space    used 629K, capacity 661K, committed 768K, reserved 1048576K
GC Heap History (10 events):
Event: 36.860 GC heap before
{Heap before GC invocations=2 (full 0):
 PSYoungGen      total 18944K, used 18496K [0x00000007aab00000, 0x00000007ac000000, 0x00000007c0000000)
  eden space 16384K, 100% used [0x00000007aab00000,0x00000007abb00000,0x00000007abb00000)
  from space 2560K, 82% used [0x00000007abb00000,0x00000007abd10000,0x00000007abd80000)
  to   space 2560K, 0% used [0x00000007abd80000,0x00000007abd80000,0x00000007ac000000)
 ParOldGen       total 44032K, used 8K [0x0000000780000000, 0x0000000782b00000, 0x00000007aab00000)
  object space 44032K, 0% used [0x0000000780000000,0x0000000780002000,0x0000000782b00000)
 Metaspace       used 6353K, capacity 6513K, committed 6656K, reserved 1056768K
  class space    used 627K, capacity 661K, committed 768K, reserved 1048576K
Event: 36.867 GC heap after
Heap after GC invocations=2 (full 0):
 PSYoungGen      total 18944K, used 1776K [0x00000007aab00000, 0x00000007ac000000, 0x00000007c0000000)
  eden space 16384K, 0% used [0x00000007aab00000,0x00000007aab00000,0x00000007abb00000)
  from space 2560K, 69% used [0x00000007abd80000,0x00000007abf3c010,0x00000007ac000000)
  to   space 2560K, 0% used [0x00000007abb00000,0x00000007abb00000,0x00000007abd80000)
 ParOldGen       total 44032K, used 16K [0x0000000780000000, 0x0000000782b00000, 0x00000007aab00000)
  object space 44032K, 0% used [0x0000000780000000,0x0000000780004000,0x0000000782b00000)
 Metaspace       used 6353K, capacity 6513K, committed 6656K, reserved 1056768K
  class space    used 627K, capacity 661K, committed 768K, reserved 1048576K
}
Event: 63.907 GC heap before
{Heap before GC invocations=3 (full 0):
 PSYoungGen      total 18944K, used 18160K [0x00000007aab00000, 0x00000007ac000000, 0x00000007c0000000)
  eden space 16384K, 100% used [0x00000007aab00000,0x00000007abb00000,0x00000007abb00000)
  from space 2560K, 69% used [0x00000007abd80000,0x00000007abf3c010,0x00000007ac000000)
  to   space 2560K, 0% used [0x00000007abb00000,0x00000007abb00000,0x00000007abd80000)
 ParOldGen       total 44032K, used 16K [0x0000000780000000, 0x0000000782b00000, 0x00000007aab00000)
  object space 44032K, 0% used [0x0000000780000000,0x0000000780004000,0x0000000782b00000)
 Metaspace       used 6360K, capacity 6513K, committed 6656K, reserved 1056768K
  class space    used 627K, capacity 661K, committed 768K, reserved 1048576K
Event: 63.910 GC heap after
Heap after GC invocations=3 (full 0):
 PSYoungGen      total 18944K, used 1872K [0x00000007aab00000, 0x00000007ac000000, 0x00000007c0000000)
  eden space 16384K, 0% used [0x00000007aab00000,0x00000007aab00000,0x00000007abb00000)
  from space 2560K, 73% used [0x00000007abb00000,0x00000007abcd4010,0x00000007abd80000)
  to   space 2560K, 0% used [0x00000007abd80000,0x00000007abd80000,0x00000007ac000000)
 ParOldGen       total 44032K, used 24K [0x0000000780000000, 0x0000000782b00000, 0x00000007aab00000)
  object space 44032K, 0% used [0x0000000780000000,0x0000000780006000,0x0000000782b00000)
 Metaspace       used 6360K, capacity 6513K, committed 6656K, reserved 1056768K
  class space    used 627K, capacity 661K, committed 768K, reserved 1048576K
}
Event: 90.909 GC heap before
{Heap before GC invocations=4 (full 0):
 PSYoungGen      total 18944K, used 18256K [0x00000007aab00000, 0x00000007ac000000, 0x00000007c0000000)
  eden space 16384K, 100% used [0x00000007aab00000,0x00000007abb00000,0x00000007abb00000)
  from space 2560K, 73% used [0x00000007abb00000,0x00000007abcd4010,0x00000007abd80000)
  to   space 2560K, 0% used [0x00000007abd80000,0x00000007abd80000,0x00000007ac000000)
 ParOldGen       total 44032K, used 24K [0x0000000780000000, 0x0000000782b00000, 0x00000007aab00000)
  object space 44032K, 0% used [0x0000000780000000,0x0000000780006000,0x0000000782b00000)
 Metaspace       used 6360K, capacity 6513K, committed 6656K, reserved 1056768K
  class space    used 627K, capacity 661K, committed 768K, reserved 1048576K
Event: 90.915 GC heap after
Heap after GC invocations=4 (full 0):
 PSYoungGen      total 18944K, used 2080K [0x00000007aab00000, 0x00000007ac000000, 0x00000007c0000000)
  eden space 16384K, 0% used [0x00000007aab00000,0x00000007aab00000,0x00000007abb00000)
  from space 2560K, 81% used [0x00000007abd80000,0x00000007abf88020,0x00000007ac000000)
  to   space 2560K, 0% used [0x00000007abb00000,0x00000007abb00000,0x00000007abd80000)
 ParOldGen       total 44032K, used 24K [0x0000000780000000, 0x0000000782b00000, 0x00000007aab00000)
  object space 44032K, 0% used [0x0000000780000000,0x0000000780006000,0x0000000782b00000)
 Metaspace       used 6360K, capacity 6513K, committed 6656K, reserved 1056768K
  class space    used 627K, capacity 661K, committed 768K, reserved 1048576K
}
Event: 104.984 GC heap before
{Heap before GC invocations=5 (full 0):
 PSYoungGen      total 18944K, used 18464K [0x00000007aab00000, 0x00000007ac000000, 0x00000007c0000000)
  eden space 16384K, 100% used [0x00000007aab00000,0x00000007abb00000,0x00000007abb00000)
  from space 2560K, 81% used [0x00000007abd80000,0x00000007abf88020,0x00000007ac000000)
  to   space 2560K, 0% used [0x00000007abb00000,0x00000007abb00000,0x00000007abd80000)
 ParOldGen       total 44032K, used 24K [0x0000000780000000, 0x0000000782b00000, 0x00000007aab00000)
  object space 44032K, 0% used [0x0000000780000000,0x0000000780006000,0x0000000782b00000)
 Metaspace       used 6386K, capacity 6513K, committed 6656K, reserved 1056768K
  class space    used 629K, capacity 661K, committed 768K, reserved 1048576K
Event: 104.988 GC heap after
Heap after GC invocations=5 (full 0):
 PSYoungGen      total 18944K, used 2160K [0x00000007aab00000, 0x00000007ac000000, 0x00000007c0000000)
  eden space 16384K, 0% used [0x00000007aab00000,0x00000007aab00000,0x00000007abb00000)
  from space 2560K, 84% used [0x00000007abb00000,0x00000007abd1c010,0x00000007abd80000)
  to   space 2560K, 0% used [0x00000007abd80000,0x00000007abd80000,0x00000007ac000000)
 ParOldGen       total 44032K, used 32K [0x0000000780000000, 0x0000000782b00000, 0x00000007aab00000)
  object space 44032K, 0% used [0x0000000780000000,0x0000000780008000,0x0000000782b00000)
 Metaspace       used 6386K, capacity 6513K, committed 6656K, reserved 1056768K
  class space    used 629K, capacity 661K, committed 768K, reserved 1048576K
}
Event: 112.222 GC heap before
{Heap before GC invocations=6 (full 0):
 PSYoungGen      total 18944K, used 18544K [0x00000007aab00000, 0x00000007ac000000, 0x00000007c0000000)
  eden space 16384K, 100% used [0x00000007aab00000,0x00000007abb00000,0x00000007abb00000)
  from space 2560K, 84% used [0x00000007abb00000,0x00000007abd1c010,0x00000007abd80000)
  to   space 2560K, 0% used [0x00000007abd80000,0x00000007abd80000,0x00000007ac000000)
 ParOldGen       total 44032K, used 32K [0x0000000780000000, 0x0000000782b00000, 0x00000007aab00000)
  object space 44032K, 0% used [0x0000000780000000,0x0000000780008000,0x0000000782b00000)
 Metaspace       used 6397K, capacity 6513K, committed 6656K, reserved 1056768K
  class space    used 629K, capacity 661K, committed 768K, reserved 1048576K
Event: 112.843 GC heap after
Heap after GC invocations=6 (full 0):
 PSYoungGen      total 18944K, used 2368K [0x00000007aab00000, 0x00000007ad000000, 0x00000007c0000000)
  eden space 16384K, 0% used [0x00000007aab00000,0x00000007aab00000,0x00000007abb00000)
  from space 2560K, 92% used [0x00000007abd80000,0x00000007abfd0020,0x00000007ac000000)
  to   space 2560K, 0% used [0x00000007abb00000,0x00000007abb00000,0x00000007abd80000)
 ParOldGen       total 44032K, used 40K [0x0000000780000000, 0x0000000782b00000, 0x00000007aab00000)
  object space 44032K, 0% used [0x0000000780000000,0x000000078000a000,0x0000000782b00000)
 Metaspace       used 6397K, capacity 6513K, committed 6656K, reserved 1056768K
  class space    used 629K, capacity 661K, committed 768K, reserved 1048576K
}

